[DEBUG] WordCountMapper key = 0
[DEBUG] WordCountMapper value = Hello Hadoop Goodbye Hadoop
[DEBUG] WordCountMapper key = 28
[DEBUG] WordCountMapper value = Hello1 Hadoop2 Goodbye2 Hadoop2
[DEBUG] WordCountMapper key = 60
[DEBUG] WordCountMapper value = Hello4 Hadoop2 Goodbye2 Hadoop2
[DEBUG] WordCountMapper key = 92
[DEBUG] WordCountMapper value = Hello2 Hadoop3 Goodbye3 Hadoop3
[DEBUG] WordCountMapper key = 124
[DEBUG] WordCountMapper value = Hello3 Hadoop3 Goodbye3 Hadoop3
[DEBUG] WordCountMapper key = 156
[DEBUG] WordCountMapper value =
[DEBUG] WordCountReducer key = Goodbye
[DEBUG] WordCountReducer values = [1]
[DEBUG] WordCountReducer key = Goodbye2
[DEBUG] WordCountReducer values = [1,1]
[DEBUG] WordCountReducer key = Goodbye3
[DEBUG] WordCountReducer values = [1,1]
[DEBUG] WordCountReducer key = Hadoop
[DEBUG] WordCountReducer values = [1,1]
[DEBUG] WordCountReducer key = Hadoop2
[DEBUG] WordCountReducer values = [1,1,1,1]
[DEBUG] WordCountReducer key = Hadoop3
[DEBUG] WordCountReducer values = [1,1,1,1]
[DEBUG] WordCountReducer key = Hello
[DEBUG] WordCountReducer values = [1]
[DEBUG] WordCountReducer key = Hello1
[DEBUG] WordCountReducer values = [1]
[DEBUG] WordCountReducer key = Hello2
[DEBUG] WordCountReducer values = [1]
[DEBUG] WordCountReducer key = Hello3
[DEBUG] WordCountReducer values = [1]
[DEBUG] WordCountReducer key = Hello4
[DEBUG] WordCountReducer values = [1]