$ hadoop jar hadoop-test-1.0-SNAPSHOT.jar WordCount /home/admin/jianjiu.xc/hadoop/mapreduce/input /home/admin/jianjiu.xc/hadoop/mapreduce/output
[DEBUG] /home/admin/jianjiu.xc/hadoop/mapreduce/input
[DEBUG] /home/admin/jianjiu.xc/hadoop/mapreduce/output
2020-11-13 17:37:36,464 INFO client.DefaultNoHARMFailoverProxyProvider: Connecting to ResourceManager at /0.0.0.0:8032
2020-11-13 17:37:37,077 WARN mapreduce.JobResourceUploader: Hadoop command-line option parsing not performed. Implement the Tool interface and execute your application with ToolRunner to remedy this.
2020-11-13 17:37:37,487 INFO input.FileInputFormat: Total input files to process : 2
2020-11-13 17:37:37,512 INFO mapreduce.JobSubmitter: number of splits:2
2020-11-13 17:37:37,747 INFO mapreduce.JobSubmitter: Submitting tokens for job: job_1605253272987_0006
2020-11-13 17:37:37,748 INFO mapreduce.JobSubmitter: Executing with tokens: []
2020-11-13 17:37:38,204 INFO conf.Configuration: resource-types.xml not found
2020-11-13 17:37:38,207 INFO resource.ResourceUtils: Unable to find 'resource-types.xml'.
2020-11-13 17:37:38,327 INFO impl.YarnClientImpl: Submitted application application_1605253272987_0006
2020-11-13 17:37:38,370 INFO mapreduce.Job: The url to track the job: http://apply.inc.alipay.net:8088/proxy/application_1605253272987_0006/
2020-11-13 17:37:38,371 INFO mapreduce.Job: Running job: job_1605253272987_0006
2020-11-13 17:37:47,617 INFO mapreduce.Job: Job job_1605253272987_0006 running in uber mode : false
2020-11-13 17:37:47,619 INFO mapreduce.Job:  map 0% reduce 0%
2020-11-13 17:37:54,747 INFO mapreduce.Job:  map 50% reduce 0%
2020-11-13 17:37:55,752 INFO mapreduce.Job:  map 100% reduce 0%
2020-11-13 17:37:58,772 INFO mapreduce.Job:  map 100% reduce 100%
2020-11-13 17:37:59,785 INFO mapreduce.Job: Job job_1605253272987_0006 completed successfully
2020-11-13 17:37:59,930 INFO mapreduce.Job: Counters: 48
	File System Counters
		FILE: Number of bytes read=1123
		FILE: Number of bytes written=791385
		FILE: Number of read operations=0
		FILE: Number of large read operations=0
		FILE: Number of write operations=0
	Job Counters
		Launched map tasks=2
		Launched reduce tasks=1
		Rack-local map tasks=2
		Total time spent by all maps in occupied slots (ms)=7441
		Total time spent by all reduces in occupied slots (ms)=2574
		Total time spent by all map tasks (ms)=7441
		Total time spent by all reduce tasks (ms)=2574
		Total vcore-milliseconds taken by all map tasks=7441
		Total vcore-milliseconds taken by all reduce tasks=2574
		Total megabyte-milliseconds taken by all map tasks=7619584
		Total megabyte-milliseconds taken by all reduce tasks=2635776
	Map-Reduce Framework
		Map input records=12
		Map output records=40
		Map output bytes=442
		Map output materialized bytes=319
		Input split bytes=244
		Combine input records=40
		Combine output records=24
		Reduce input groups=20
		Reduce shuffle bytes=319
		Reduce input records=24
		Reduce output records=20
		Spilled Records=48
		Shuffled Maps =2
		Failed Shuffles=0
		Merged Map outputs=2
		GC time elapsed (ms)=234
		CPU time spent (ms)=1510
		Physical memory (bytes) snapshot=599183360
		Virtual memory (bytes) snapshot=7340863488
		Total committed heap usage (bytes)=472190976
		Peak Map Physical memory (bytes)=235237376
		Peak Map Virtual memory (bytes)=2446893056
		Peak Reduce Physical memory (bytes)=130093056
		Peak Reduce Virtual memory (bytes)=2449174528
	Shuffle Errors
		BAD_ID=0
		CONNECTION=0
		IO_ERROR=0
		WRONG_LENGTH=0
		WRONG_MAP=0
		WRONG_REDUCE=0
	File Input Format Counters
		Bytes Read=284
	File Output Format Counters
		Bytes Written=188