[DEBUG] WordCountReducer key = Bye
[DEBUG] WordCountReducer values = [1]
[DEBUG] WordCountReducer key = Bye1
[DEBUG] WordCountReducer values = [1]
[DEBUG] WordCountReducer key = Bye2
[DEBUG] WordCountReducer values = [1]
[DEBUG] WordCountReducer key = Bye3
[DEBUG] WordCountReducer values = [2]
[DEBUG] WordCountReducer key = Goodbye
[DEBUG] WordCountReducer values = [1]
[DEBUG] WordCountReducer key = Goodbye2
[DEBUG] WordCountReducer values = [2]
[DEBUG] WordCountReducer key = Goodbye3
[DEBUG] WordCountReducer values = [2]
[DEBUG] WordCountReducer key = Hadoop
[DEBUG] WordCountReducer values = [2]
[DEBUG] WordCountReducer key = Hadoop2
[DEBUG] WordCountReducer values = [4]
[DEBUG] WordCountReducer key = Hadoop3
[DEBUG] WordCountReducer values = [4]
[DEBUG] WordCountReducer key = Hello
[DEBUG] WordCountReducer values = [1,1]
[DEBUG] WordCountReducer key = Hello1
[DEBUG] WordCountReducer values = [2,1]
[DEBUG] WordCountReducer key = Hello2
[DEBUG] WordCountReducer values = [1,1]
[DEBUG] WordCountReducer key = Hello3
[DEBUG] WordCountReducer values = [1]
[DEBUG] WordCountReducer key = Hello4
[DEBUG] WordCountReducer values = [1,1]
[DEBUG] WordCountReducer key = World
[DEBUG] WordCountReducer values = [2]
[DEBUG] WordCountReducer key = World1
[DEBUG] WordCountReducer values = [2]
[DEBUG] WordCountReducer key = World2
[DEBUG] WordCountReducer values = [2]
[DEBUG] WordCountReducer key = World3
[DEBUG] WordCountReducer values = [3]
[DEBUG] WordCountReducer key = World4
[DEBUG] WordCountReducer values = [1]