[DEBUG] WordCountMapper key = 0
[DEBUG] WordCountMapper value = Hello World Bye World
[DEBUG] WordCountMapper key = 22
[DEBUG] WordCountMapper value = Hello1 World2 Bye3 World4
[DEBUG] WordCountMapper key = 48
[DEBUG] WordCountMapper value = Hello2 World3 Bye1 World3
[DEBUG] WordCountMapper key = 74
[DEBUG] WordCountMapper value = Hello1 World1 Bye3 World2
[DEBUG] WordCountMapper key = 100
[DEBUG] WordCountMapper value = Hello4 World3 Bye2 World1
[DEBUG] WordCountMapper key = 126
[DEBUG] WordCountMapper value =
[DEBUG] WordCountReducer key = Bye
[DEBUG] WordCountReducer values = [1]
[DEBUG] WordCountReducer key = Bye1
[DEBUG] WordCountReducer values = [1]
[DEBUG] WordCountReducer key = Bye2
[DEBUG] WordCountReducer values = [1]
[DEBUG] WordCountReducer key = Bye3
[DEBUG] WordCountReducer values = [1,1]
[DEBUG] WordCountReducer key = Hello
[DEBUG] WordCountReducer values = [1]
[DEBUG] WordCountReducer key = Hello1
[DEBUG] WordCountReducer values = [1,1]
[DEBUG] WordCountReducer key = Hello2
[DEBUG] WordCountReducer values = [1]
[DEBUG] WordCountReducer key = Hello4
[DEBUG] WordCountReducer values = [1]
[DEBUG] WordCountReducer key = World
[DEBUG] WordCountReducer values = [1,1]
[DEBUG] WordCountReducer key = World1
[DEBUG] WordCountReducer values = [1,1]
[DEBUG] WordCountReducer key = World2
[DEBUG] WordCountReducer values = [1,1]
[DEBUG] WordCountReducer key = World3
[DEBUG] WordCountReducer values = [1,1,1]
[DEBUG] WordCountReducer key = World4
[DEBUG] WordCountReducer values = [1]